	.section	.rodata
.LC0:
	.string	"%d"
.LC1:
	.string	"%d\n"
	.text
	.globl	main
	.type	main, @function
main:
	pushq	%rbp
	movl	%rsp, %rbp
	subq	$24, %rsp
	leaq	-12(%rbp)%rsi
	leaq	.LC0(%rip), %rdi
	call	__isoc99_scanf@PLT
	leaq	-16(%rbp)%rsi
	leaq	.LC0(%rip), %rdi
	call	__isoc99_scanf@PLT
	movl	-12(%rbp), %rax
	pushq	%rax
	movl	-16(%rbp), %rax
	popq	%rbx
	addq	%rbx, %rax
	movl	%rax, -20(%rbp)
	movl	-20(%rbp), %rax
	leaq	%rax, %rsi
	leaq	.LC1(%rip), %rdi
	call	printf@PLT
	movl	$0, %rax
	jmp		.LRET_main
.LRET_main:
	addq	$24, %rsp
	popq	%ebp
	ret
